<?xml version="1.0" encoding="UTF-8"?>
<!-- Generated by org.testng.reporters.JUnitReportReporter -->
<testsuite hostname="IBM-1BGTR24" failures="0" tests="3" name="restassured_project.GitHubSSHKeyTest" time="3.920" errors="0" timestamp="2026-07-03T11:50:24 IST" skipped="0">
  <testcase classname="restassured_project.GitHubSSHKeyTest" name="addSSHKey" time="2.878"/>
  <testcase classname="restassured_project.GitHubSSHKeyTest" name="getSSHKey" time="0.617">
    <system-out>
      <![CDATA[{
    "id": 156231852,
    "key": "ssh-ed25519 AAAAC3NzaC1lZDI1NTE5AAAAIEtxzwhyzsirLzTrO8ENW0bWvfKsz/+Pqx7C28SzaNyi",
    "created_at": "2026-07-03T06:20:21Z",
    "last_used": null,
    "url": "https://api.github.com/user/keys/156231852",
    "title": "TestAPIKey",
    "verified": true,
    "read_only": false
}]]>
    </system-out>
  </testcase> <!-- getSSHKey -->
  <testcase classname="restassured_project.GitHubSSHKeyTest" name="deleteSSHKey" time="0.425">
    <system-out>
      <![CDATA[Delete Response Status Code: 204]]>
    </system-out>
  </testcase> <!-- deleteSSHKey -->
  <system-out>
    <![CDATA[{
    "id": 156231852,
    "key": "ssh-ed25519 AAAAC3NzaC1lZDI1NTE5AAAAIEtxzwhyzsirLzTrO8ENW0bWvfKsz/+Pqx7C28SzaNyi",
    "created_at": "2026-07-03T06:20:21Z",
    "last_used": null,
    "url": "https://api.github.com/user/keys/156231852",
    "title": "TestAPIKey",
    "verified": true,
    "read_only": false
}
Delete Response Status Code: 204]]>
  </system-out>
</testsuite> <!-- restassured_project.GitHubSSHKeyTest -->
