<?xml version="1.0" encoding="UTF-8"?>
<!-- Generated by org.testng.reporters.JUnitXMLReporter -->
<testsuite ignored="0" hostname="IBM-1BGTR24" failures="0" tests="3" name="Default test" time="4.798" errors="0" timestamp="2026-07-03T11:50:23 IST">
  <testcase classname="restassured_project.GitHubSSHKeyTest" name="addSSHKey" time="2.878"/>
  <testcase classname="restassured_project.GitHubSSHKeyTest" name="getSSHKey" time="0.617"/>
  <testcase classname="restassured_project.GitHubSSHKeyTest" name="deleteSSHKey" time="0.425"/>
</testsuite> <!-- Default test -->
