<?xml version="1.0" encoding="UTF-8"?>
<testng-results ignored="0" total="3" passed="3" failed="0" skipped="0">
  <reporter-output>
    <line>
      <![CDATA[{
    "id": 156231852,
    "key": "ssh-ed25519 AAAAC3NzaC1lZDI1NTE5AAAAIEtxzwhyzsirLzTrO8ENW0bWvfKsz/+Pqx7C28SzaNyi",
    "created_at": "2026-07-03T06:20:21Z",
    "last_used": null,
    "url": "https://api.github.com/user/keys/156231852",
    "title": "TestAPIKey",
    "verified": true,
    "read_only": false
}]]>
    </line>
    <line>
      <![CDATA[Delete Response Status Code: 204]]>
    </line>
  </reporter-output>
  <suite started-at="2026-07-03T11:50:18 IST" name="Default suite" finished-at="2026-07-03T11:50:23 IST" duration-ms="4798">
    <groups>
    </groups>
    <test started-at="2026-07-03T11:50:18 IST" name="Default test" finished-at="2026-07-03T11:50:23 IST" duration-ms="4798">
      <class name="restassured_project.GitHubSSHKeyTest">
        <test-method is-config="true" signature="setup()[pri:0, instance:restassured_project.GitHubSSHKeyTest@18078bef]" started-at="2026-07-03T11:50:18 IST" name="setup" finished-at="2026-07-03T11:50:19 IST" duration-ms="804" status="PASS">
          <reporter-output>
          </reporter-output>
        </test-method> <!-- setup -->
        <test-method signature="addSSHKey()[pri:1, instance:restassured_project.GitHubSSHKeyTest@18078bef]" started-at="2026-07-03T11:50:19 IST" name="addSSHKey" finished-at="2026-07-03T11:50:22 IST" duration-ms="2878" status="PASS">
          <reporter-output>
          </reporter-output>
        </test-method> <!-- addSSHKey -->
        <test-method signature="getSSHKey()[pri:2, instance:restassured_project.GitHubSSHKeyTest@18078bef]" started-at="2026-07-03T11:50:22 IST" name="getSSHKey" finished-at="2026-07-03T11:50:23 IST" depends-on-methods="restassured_project.GitHubSSHKeyTest.addSSHKey" duration-ms="617" status="PASS">
          <reporter-output>
            <line>
              <![CDATA[{
    "id": 156231852,
    "key": "ssh-ed25519 AAAAC3NzaC1lZDI1NTE5AAAAIEtxzwhyzsirLzTrO8ENW0bWvfKsz/+Pqx7C28SzaNyi",
    "created_at": "2026-07-03T06:20:21Z",
    "last_used": null,
    "url": "https://api.github.com/user/keys/156231852",
    "title": "TestAPIKey",
    "verified": true,
    "read_only": false
}]]>
            </line>
          </reporter-output>
        </test-method> <!-- getSSHKey -->
        <test-method signature="deleteSSHKey()[pri:3, instance:restassured_project.GitHubSSHKeyTest@18078bef]" started-at="2026-07-03T11:50:23 IST" name="deleteSSHKey" finished-at="2026-07-03T11:50:23 IST" depends-on-methods="restassured_project.GitHubSSHKeyTest.getSSHKey" duration-ms="425" status="PASS">
          <reporter-output>
            <line>
              <![CDATA[Delete Response Status Code: 204]]>
            </line>
          </reporter-output>
        </test-method> <!-- deleteSSHKey -->
      </class> <!-- restassured_project.GitHubSSHKeyTest -->
    </test> <!-- Default test -->
  </suite> <!-- Default suite -->
</testng-results>
